0 info it worked if it ends with ok
1 verbose cli [ 'node', '/usr/local/bin/npm', 'update', '-g', 'ionic' ]
2 info using npm@1.4.9
3 info using node@v0.10.28
4 verbose url raw ionic
5 verbose url resolving [ 'https://registry.npmjs.org/', './ionic' ]
6 verbose url resolved https://registry.npmjs.org/ionic
7 info trying registry request attempt 1 at 20:41:03
8 verbose etag "8120QZAD4SKXI6QLPO8E0TAQM"
9 http GET https://registry.npmjs.org/ionic
10 http 200 https://registry.npmjs.org/ionic
11 silly registry.get cb [ 200,
11 silly registry.get   { date: 'Wed, 08 Oct 2014 00:41:06 GMT',
11 silly registry.get     server: 'CouchDB/1.5.0 (Erlang OTP/R16B03)',
11 silly registry.get     etag: '"ELIWSAW84KIIMVKZF94WOQ8NF"',
11 silly registry.get     'content-type': 'application/json',
11 silly registry.get     'cache-control': 'max-age=60',
11 silly registry.get     'content-length': '144991',
11 silly registry.get     'accept-ranges': 'bytes',
11 silly registry.get     via: '1.1 varnish',
11 silly registry.get     age: '5027',
11 silly registry.get     'x-served-by': 'cache-atl6221-ATL',
11 silly registry.get     'x-cache': 'HIT',
11 silly registry.get     'x-cache-hits': '1',
11 silly registry.get     'x-timer': 'S1412728866.149850,VS0,VE304',
11 silly registry.get     vary: 'Accept',
11 silly registry.get     'keep-alive': 'timeout=10, max=50',
11 silly registry.get     connection: 'Keep-Alive' } ]
12 info outdated updating [ [ '/usr/local/lib', 'ionic', '1.2.6', '1.2.8-beta1', '1.2.7', '*' ] ]
13 verbose install where,what [ '/usr/local/lib', [ 'ionic@1.2.8-beta1' ] ]
14 verbose cache add [ 'ionic@1.2.8-beta1', null ]
15 verbose cache add name=undefined spec="ionic@1.2.8-beta1" args=["ionic@1.2.8-beta1",null]
16 verbose parsed url { protocol: null,
16 verbose parsed url   slashes: null,
16 verbose parsed url   auth: null,
16 verbose parsed url   host: null,
16 verbose parsed url   port: null,
16 verbose parsed url   hostname: null,
16 verbose parsed url   hash: null,
16 verbose parsed url   search: null,
16 verbose parsed url   query: null,
16 verbose parsed url   pathname: 'ionic@1.2.8-beta1',
16 verbose parsed url   path: 'ionic@1.2.8-beta1',
16 verbose parsed url   href: 'ionic@1.2.8-beta1' }
17 verbose cache add name="ionic" spec="1.2.8-beta1" args=["ionic","1.2.8-beta1"]
18 verbose parsed url { protocol: null,
18 verbose parsed url   slashes: null,
18 verbose parsed url   auth: null,
18 verbose parsed url   host: null,
18 verbose parsed url   port: null,
18 verbose parsed url   hostname: null,
18 verbose parsed url   hash: null,
18 verbose parsed url   search: null,
18 verbose parsed url   query: null,
18 verbose parsed url   pathname: '1.2.8-beta1',
18 verbose parsed url   path: '1.2.8-beta1',
18 verbose parsed url   href: '1.2.8-beta1' }
19 verbose addNamed [ 'ionic', '1.2.8-beta1' ]
20 verbose addNamed [ '1.2.8-beta1', '1.2.8-beta1' ]
21 silly lockFile 51757409-ionic-1-2-8-beta1 ionic@1.2.8-beta1
22 verbose lock ionic@1.2.8-beta1 /var/root/.npm/51757409-ionic-1-2-8-beta1.lock
23 verbose registry.get ionic not expired, no request
24 silly lockFile 53a79623--org-ionic-ionic-1-2-8-beta1-tgz https://registry.npmjs.org/ionic/-/ionic-1.2.8-beta1.tgz
25 verbose lock https://registry.npmjs.org/ionic/-/ionic-1.2.8-beta1.tgz /var/root/.npm/53a79623--org-ionic-ionic-1-2-8-beta1-tgz.lock
26 verbose addRemoteTarball [ 'https://registry.npmjs.org/ionic/-/ionic-1.2.8-beta1.tgz',
26 verbose addRemoteTarball   '583920d28108780813be3e12469f27b2c9f49974' ]
27 info retry fetch attempt 1 at 20:41:08
28 verbose fetch to= /var/root/tmp/npm-3172-uEkM6N1u/1412728868302-0.8588047509547323/tmp.tgz
29 http GET https://registry.npmjs.org/ionic/-/ionic-1.2.8-beta1.tgz
30 http 200 https://registry.npmjs.org/ionic/-/ionic-1.2.8-beta1.tgz
31 silly lockFile 53a79623--org-ionic-ionic-1-2-8-beta1-tgz https://registry.npmjs.org/ionic/-/ionic-1.2.8-beta1.tgz
32 silly lockFile 53a79623--org-ionic-ionic-1-2-8-beta1-tgz https://registry.npmjs.org/ionic/-/ionic-1.2.8-beta1.tgz
33 silly lockFile 51757409-ionic-1-2-8-beta1 ionic@1.2.8-beta1
34 silly lockFile 51757409-ionic-1-2-8-beta1 ionic@1.2.8-beta1
35 error Error: shasum check failed for /var/root/tmp/npm-3172-uEkM6N1u/1412728868302-0.8588047509547323/tmp.tgz
35 error Expected: 583920d28108780813be3e12469f27b2c9f49974
35 error Actual:   da39a3ee5e6b4b0d3255bfef95601890afd80709
35 error From:     https://registry.npmjs.org/ionic/-/ionic-1.2.8-beta1.tgz
35 error     at /usr/local/lib/node_modules/npm/node_modules/sha/index.js:38:8
35 error     at ReadStream.<anonymous> (/usr/local/lib/node_modules/npm/node_modules/sha/index.js:85:7)
35 error     at ReadStream.EventEmitter.emit (events.js:117:20)
35 error     at _stream_readable.js:919:16
35 error     at process._tickCallback (node.js:419:13)
36 error If you need help, you may report this *entire* log,
36 error including the npm and node versions, at:
36 error     <http://github.com/npm/npm/issues>
37 error System Darwin 13.4.0
38 error command "node" "/usr/local/bin/npm" "update" "-g" "ionic"
39 error cwd /Users/gibranecastillo/Mobility/CollegeLife/Hybrid-iOS/CLMobile
40 error node -v v0.10.28
41 error npm -v 1.4.9
42 verbose exit [ 1, true ]
